2024-10-07 at 15:11:06 CEST WARN  com.laboratorio.clientapilibrary.utils.CookieManager - Error al analizar la fecha de expiración de la cookie: Text 'Mon, 07-Oct-24 13:41:05 GMT' could not be parsed at index 7
2024-10-07 at 15:11:06 CEST WARN  com.laboratorio.clientapilibrary.utils.CookieManager - Error al analizar la fecha de expiración de la cookie: Text 'Mon, 07-Oct-24 17:11:05 GMT' could not be parsed at index 7
2024-10-07 at 15:11:06 CEST WARN  com.laboratorio.clientapilibrary.utils.CookieManager - Error al analizar la fecha de expiración de la cookie: Text 'Mon, 07-Oct-24 13:41:06 GMT' could not be parsed at index 7
2024-10-07 at 15:11:06 CEST WARN  com.laboratorio.clientapilibrary.utils.CookieManager - Error al analizar la fecha de expiración de la cookie: Text 'Mon, 07-Oct-24 17:11:06 GMT' could not be parsed at index 7
2024-10-07 at 15:11:06 CEST WARN  com.laboratorio.clientapilibrary.utils.CookieManager - Error al analizar la fecha de expiración de la cookie: Text 'Mon, 07-Oct-24 13:41:06 GMT' could not be parsed at index 7
2024-10-07 at 15:11:06 CEST WARN  com.laboratorio.clientapilibrary.utils.CookieManager - Error al analizar la fecha de expiración de la cookie: Text 'Mon, 07-Oct-24 17:11:06 GMT' could not be parsed at index 7
2024-10-07 at 15:11:06 CEST WARN  com.laboratorio.clientapilibrary.utils.CookieManager - Error al analizar la fecha de expiración de la cookie: Text 'Mon, 07-Oct-24 13:41:06 GMT' could not be parsed at index 7
2024-10-07 at 15:11:06 CEST WARN  com.laboratorio.clientapilibrary.utils.CookieManager - Error al analizar la fecha de expiración de la cookie: Text 'Mon, 07-Oct-24 17:11:06 GMT' could not be parsed at index 7
2024-10-07 at 15:11:07 CEST WARN  com.laboratorio.clientapilibrary.utils.CookieManager - Error al analizar la fecha de expiración de la cookie: Text 'Mon, 07-Oct-24 13:41:07 GMT' could not be parsed at index 7
2024-10-07 at 15:11:07 CEST WARN  com.laboratorio.clientapilibrary.utils.CookieManager - Error al analizar la fecha de expiración de la cookie: Text 'Mon, 07-Oct-24 17:11:07 GMT' could not be parsed at index 7
2024-10-07 at 15:11:07 CEST WARN  com.laboratorio.clientapilibrary.utils.CookieManager - Error al analizar la fecha de expiración de la cookie: Text 'Mon, 07-Oct-24 13:41:07 GMT' could not be parsed at index 7
2024-10-07 at 15:11:07 CEST WARN  com.laboratorio.clientapilibrary.utils.CookieManager - Error al analizar la fecha de expiración de la cookie: Text 'Mon, 07-Oct-24 17:11:07 GMT' could not be parsed at index 7
2024-10-07 at 15:11:08 CEST WARN  com.laboratorio.clientapilibrary.utils.CookieManager - Error al analizar la fecha de expiración de la cookie: Text 'Mon, 07-Oct-24 13:41:07 GMT' could not be parsed at index 7
2024-10-07 at 15:11:08 CEST WARN  com.laboratorio.clientapilibrary.utils.CookieManager - Error al analizar la fecha de expiración de la cookie: Text 'Mon, 07-Oct-24 17:11:07 GMT' could not be parsed at index 7
2024-10-07 at 15:11:08 CEST WARN  com.laboratorio.clientapilibrary.utils.CookieManager - Error al analizar la fecha de expiración de la cookie: Text 'Mon, 07-Oct-24 13:41:08 GMT' could not be parsed at index 7
2024-10-07 at 15:11:08 CEST WARN  com.laboratorio.clientapilibrary.utils.CookieManager - Error al analizar la fecha de expiración de la cookie: Text 'Mon, 07-Oct-24 17:11:08 GMT' could not be parsed at index 7
2024-10-07 at 15:11:08 CEST ERROR com.laboratorio.clientapilibrary.ApiClient - Error ejecutando la solicitud: https://truthsocial.com/api/v1/accounts/1125349753AAABBB60
2024-10-07 at 15:11:08 CEST ERROR com.laboratorio.clientapilibrary.ApiClient - Error: https://truthsocial.com/api/v1/accounts/1125349753AAABBB60
2024-10-07 at 15:11:08 CEST ERROR com.laboratorio.clientapilibrary.ApiClient - Causa: https://truthsocial.com/api/v1/accounts/1125349753AAABBB60
2024-10-07 at 15:11:08 CEST ERROR com.laboratorio.clientapilibrary.exceptions.ApiClientException - Error com.laboratorio.clientapilibrary.ApiClient: https://truthsocial.com/api/v1/accounts/1125349753AAABBB60
2024-10-07 at 15:11:09 CEST WARN  com.laboratorio.clientapilibrary.utils.CookieManager - Error al analizar la fecha de expiración de la cookie: Text 'Mon, 07-Oct-24 13:41:08 GMT' could not be parsed at index 7
2024-10-07 at 15:11:09 CEST WARN  com.laboratorio.clientapilibrary.utils.CookieManager - Error al analizar la fecha de expiración de la cookie: Text 'Mon, 07-Oct-24 17:11:08 GMT' could not be parsed at index 7
2024-10-07 at 15:11:09 CEST WARN  com.laboratorio.clientapilibrary.utils.CookieManager - Error al analizar la fecha de expiración de la cookie: Text 'Mon, 07-Oct-24 13:41:09 GMT' could not be parsed at index 7
2024-10-07 at 15:11:09 CEST WARN  com.laboratorio.clientapilibrary.utils.CookieManager - Error al analizar la fecha de expiración de la cookie: Text 'Mon, 07-Oct-24 17:11:09 GMT' could not be parsed at index 7
2024-10-07 at 15:11:09 CEST WARN  com.laboratorio.clientapilibrary.utils.CookieManager - Error al analizar la fecha de expiración de la cookie: Text 'Mon, 07-Oct-24 13:41:09 GMT' could not be parsed at index 7
2024-10-07 at 15:11:09 CEST WARN  com.laboratorio.clientapilibrary.utils.CookieManager - Error al analizar la fecha de expiración de la cookie: Text 'Mon, 07-Oct-24 17:11:09 GMT' could not be parsed at index 7
2024-10-07 at 15:11:10 CEST WARN  com.laboratorio.clientapilibrary.utils.CookieManager - Error al analizar la fecha de expiración de la cookie: Text 'Mon, 07-Oct-24 13:41:09 GMT' could not be parsed at index 7
2024-10-07 at 15:11:10 CEST WARN  com.laboratorio.clientapilibrary.utils.CookieManager - Error al analizar la fecha de expiración de la cookie: Text 'Mon, 07-Oct-24 17:11:09 GMT' could not be parsed at index 7
2024-10-07 at 15:11:10 CEST ERROR com.laboratorio.clientapilibrary.ApiClient - Error ejecutando la solicitud: https://truthsocial.com/api/v1/accounts/lookup?acct=%40ZZZWWWWPPPSSSDDGGGFF
2024-10-07 at 15:11:10 CEST ERROR com.laboratorio.clientapilibrary.ApiClient - Error: https://truthsocial.com/api/v1/accounts/lookup?acct=%40ZZZWWWWPPPSSSDDGGGFF
2024-10-07 at 15:11:10 CEST ERROR com.laboratorio.clientapilibrary.ApiClient - Causa: https://truthsocial.com/api/v1/accounts/lookup?acct=%40ZZZWWWWPPPSSSDDGGGFF
2024-10-07 at 15:11:10 CEST ERROR com.laboratorio.clientapilibrary.exceptions.ApiClientException - Error com.laboratorio.clientapilibrary.ApiClient: https://truthsocial.com/api/v1/accounts/lookup?acct=%40ZZZWWWWPPPSSSDDGGGFF
2024-10-07 at 15:11:10 CEST ERROR com.laboratorio.clientapilibrary.ApiClient - Error ejecutando la solicitud: https://truthsocial.com/api/v1/accounts/1125349753AAABBB60/followers?limit=80
2024-10-07 at 15:11:10 CEST ERROR com.laboratorio.clientapilibrary.ApiClient - Error: https://truthsocial.com/api/v1/accounts/1125349753AAABBB60/followers?limit=80
2024-10-07 at 15:11:10 CEST ERROR com.laboratorio.clientapilibrary.ApiClient - Causa: https://truthsocial.com/api/v1/accounts/1125349753AAABBB60/followers?limit=80
2024-10-07 at 15:11:10 CEST ERROR com.laboratorio.clientapilibrary.exceptions.ApiClientException - Error com.laboratorio.clientapilibrary.ApiClient: https://truthsocial.com/api/v1/accounts/1125349753AAABBB60/followers?limit=80
2024-10-07 at 15:11:11 CEST ERROR com.laboratorio.clientapilibrary.ApiClient - Error ejecutando la solicitud: https://truthsocial.com/api/v1/accounts/1125349753AAABBB60/unfollow
2024-10-07 at 15:11:11 CEST ERROR com.laboratorio.clientapilibrary.ApiClient - Error: https://truthsocial.com/api/v1/accounts/1125349753AAABBB60/unfollow
2024-10-07 at 15:11:11 CEST ERROR com.laboratorio.clientapilibrary.ApiClient - Causa: https://truthsocial.com/api/v1/accounts/1125349753AAABBB60/unfollow
2024-10-07 at 15:11:11 CEST ERROR com.laboratorio.clientapilibrary.exceptions.ApiClientException - Error com.laboratorio.clientapilibrary.ApiClient: https://truthsocial.com/api/v1/accounts/1125349753AAABBB60/unfollow
2024-10-07 at 15:11:11 CEST WARN  com.laboratorio.clientapilibrary.utils.CookieManager - Error al analizar la fecha de expiración de la cookie: Text 'Mon, 07-Oct-24 13:41:11 GMT' could not be parsed at index 7
2024-10-07 at 15:11:11 CEST WARN  com.laboratorio.clientapilibrary.utils.CookieManager - Error al analizar la fecha de expiración de la cookie: Text 'Mon, 07-Oct-24 17:11:11 GMT' could not be parsed at index 7
2024-10-07 at 15:11:11 CEST ERROR com.laboratorio.clientapilibrary.ApiClient - Error ejecutando la solicitud: https://truthsocial.com/api/v1/accounts/1125349753AAABBB60/following?limit=80
2024-10-07 at 15:11:11 CEST ERROR com.laboratorio.clientapilibrary.ApiClient - Error: https://truthsocial.com/api/v1/accounts/1125349753AAABBB60/following?limit=80
2024-10-07 at 15:11:11 CEST ERROR com.laboratorio.clientapilibrary.ApiClient - Causa: https://truthsocial.com/api/v1/accounts/1125349753AAABBB60/following?limit=80
2024-10-07 at 15:11:11 CEST ERROR com.laboratorio.clientapilibrary.exceptions.ApiClientException - Error com.laboratorio.clientapilibrary.ApiClient: https://truthsocial.com/api/v1/accounts/1125349753AAABBB60/following?limit=80
2024-10-07 at 15:11:12 CEST ERROR com.laboratorio.clientapilibrary.ApiClient - Error ejecutando la solicitud: https://truthsocial.com/api/v1/accounts/1125349753AAABBB60/follow
2024-10-07 at 15:11:12 CEST ERROR com.laboratorio.clientapilibrary.ApiClient - Error: https://truthsocial.com/api/v1/accounts/1125349753AAABBB60/follow
2024-10-07 at 15:11:12 CEST ERROR com.laboratorio.clientapilibrary.ApiClient - Causa: https://truthsocial.com/api/v1/accounts/1125349753AAABBB60/follow
2024-10-07 at 15:11:12 CEST ERROR com.laboratorio.clientapilibrary.exceptions.ApiClientException - Error com.laboratorio.clientapilibrary.ApiClient: https://truthsocial.com/api/v1/accounts/1125349753AAABBB60/follow
2024-10-07 at 15:11:13 CEST WARN  com.laboratorio.clientapilibrary.utils.CookieManager - Error al analizar la fecha de expiración de la cookie: Text 'Mon, 07-Oct-24 13:41:12 GMT' could not be parsed at index 7
2024-10-07 at 15:11:13 CEST WARN  com.laboratorio.clientapilibrary.utils.CookieManager - Error al analizar la fecha de expiración de la cookie: Text 'Mon, 07-Oct-24 17:11:12 GMT' could not be parsed at index 7
2024-10-07 at 15:11:13 CEST WARN  com.laboratorio.clientapilibrary.utils.CookieManager - Error al analizar la fecha de expiración de la cookie: Text 'Mon, 07-Oct-24 13:41:13 GMT' could not be parsed at index 7
2024-10-07 at 15:11:13 CEST WARN  com.laboratorio.clientapilibrary.utils.CookieManager - Error al analizar la fecha de expiración de la cookie: Text 'Mon, 07-Oct-24 17:11:13 GMT' could not be parsed at index 7
2024-10-07 at 15:11:13 CEST WARN  com.laboratorio.clientapilibrary.utils.CookieManager - Error al analizar la fecha de expiración de la cookie: Text 'Mon, 07-Oct-24 13:41:13 GMT' could not be parsed at index 7
2024-10-07 at 15:11:13 CEST WARN  com.laboratorio.clientapilibrary.utils.CookieManager - Error al analizar la fecha de expiración de la cookie: Text 'Mon, 07-Oct-24 17:11:13 GMT' could not be parsed at index 7
2024-10-07 at 15:11:14 CEST WARN  com.laboratorio.clientapilibrary.utils.CookieManager - Error al analizar la fecha de expiración de la cookie: Text 'Mon, 07-Oct-24 13:41:14 GMT' could not be parsed at index 7
2024-10-07 at 15:11:14 CEST WARN  com.laboratorio.clientapilibrary.utils.CookieManager - Error al analizar la fecha de expiración de la cookie: Text 'Mon, 07-Oct-24 17:11:14 GMT' could not be parsed at index 7
2024-10-07 at 15:11:14 CEST ERROR com.laboratorio.clientapilibrary.ApiClient - Error ejecutando la solicitud: https://truthsocial.com/api/v1/notifications?limit=40
2024-10-07 at 15:11:14 CEST ERROR com.laboratorio.clientapilibrary.ApiClient - Error: Server returned HTTP response code: 401 for URL: https://truthsocial.com/api/v1/notifications?limit=40
2024-10-07 at 15:11:14 CEST ERROR com.laboratorio.clientapilibrary.ApiClient - Causa: Server returned HTTP response code: 401 for URL: https://truthsocial.com/api/v1/notifications?limit=40
2024-10-07 at 15:11:14 CEST ERROR com.laboratorio.clientapilibrary.exceptions.ApiClientException - Error com.laboratorio.clientapilibrary.ApiClient: Server returned HTTP response code: 401 for URL: https://truthsocial.com/api/v1/notifications?limit=40
2024-10-07 at 15:11:15 CEST WARN  com.laboratorio.clientapilibrary.utils.CookieManager - Error al analizar la fecha de expiración de la cookie: Text 'Mon, 07-Oct-24 13:41:14 GMT' could not be parsed at index 7
2024-10-07 at 15:11:15 CEST WARN  com.laboratorio.clientapilibrary.utils.CookieManager - Error al analizar la fecha de expiración de la cookie: Text 'Mon, 07-Oct-24 17:11:14 GMT' could not be parsed at index 7
2024-10-07 at 15:11:15 CEST WARN  com.laboratorio.clientapilibrary.utils.CookieManager - Error al analizar la fecha de expiración de la cookie: Text 'Mon, 07-Oct-24 13:41:15 GMT' could not be parsed at index 7
2024-10-07 at 15:11:15 CEST WARN  com.laboratorio.clientapilibrary.utils.CookieManager - Error al analizar la fecha de expiración de la cookie: Text 'Mon, 07-Oct-24 17:11:15 GMT' could not be parsed at index 7
2024-10-07 at 15:11:15 CEST WARN  com.laboratorio.clientapilibrary.utils.CookieManager - Error al analizar la fecha de expiración de la cookie: Text 'Mon, 07-Oct-24 13:41:15 GMT' could not be parsed at index 7
2024-10-07 at 15:11:15 CEST WARN  com.laboratorio.clientapilibrary.utils.CookieManager - Error al analizar la fecha de expiración de la cookie: Text 'Mon, 07-Oct-24 17:11:15 GMT' could not be parsed at index 7
2024-10-07 at 15:11:16 CEST WARN  com.laboratorio.clientapilibrary.utils.CookieManager - Error al analizar la fecha de expiración de la cookie: Text 'Mon, 07-Oct-24 13:41:15 GMT' could not be parsed at index 7
2024-10-07 at 15:11:16 CEST WARN  com.laboratorio.clientapilibrary.utils.CookieManager - Error al analizar la fecha de expiración de la cookie: Text 'Mon, 07-Oct-24 17:11:15 GMT' could not be parsed at index 7
2024-10-07 at 15:11:18 CEST WARN  com.laboratorio.clientapilibrary.utils.CookieManager - Error al analizar la fecha de expiración de la cookie: Text 'Mon, 07-Oct-24 13:41:18 GMT' could not be parsed at index 7
2024-10-07 at 15:11:18 CEST WARN  com.laboratorio.clientapilibrary.utils.CookieManager - Error al analizar la fecha de expiración de la cookie: Text 'Mon, 07-Oct-24 17:11:18 GMT' could not be parsed at index 7
2024-10-07 at 15:11:19 CEST WARN  com.laboratorio.clientapilibrary.utils.CookieManager - Error al analizar la fecha de expiración de la cookie: Text 'Mon, 07-Oct-24 13:41:18 GMT' could not be parsed at index 7
2024-10-07 at 15:11:19 CEST WARN  com.laboratorio.clientapilibrary.utils.CookieManager - Error al analizar la fecha de expiración de la cookie: Text 'Mon, 07-Oct-24 17:11:18 GMT' could not be parsed at index 7
2024-10-07 at 15:11:21 CEST WARN  com.laboratorio.clientapilibrary.utils.CookieManager - Error al analizar la fecha de expiración de la cookie: Text 'Mon, 07-Oct-24 13:41:21 GMT' could not be parsed at index 7
2024-10-07 at 15:11:21 CEST WARN  com.laboratorio.clientapilibrary.utils.CookieManager - Error al analizar la fecha de expiración de la cookie: Text 'Mon, 07-Oct-24 17:11:21 GMT' could not be parsed at index 7
2024-10-07 at 15:11:22 CEST WARN  com.laboratorio.clientapilibrary.utils.CookieManager - Error al analizar la fecha de expiración de la cookie: Text 'Mon, 07-Oct-24 13:41:21 GMT' could not be parsed at index 7
2024-10-07 at 15:11:22 CEST WARN  com.laboratorio.clientapilibrary.utils.CookieManager - Error al analizar la fecha de expiración de la cookie: Text 'Mon, 07-Oct-24 17:11:21 GMT' could not be parsed at index 7
2024-10-07 at 15:11:24 CEST WARN  com.laboratorio.clientapilibrary.utils.CookieManager - Error al analizar la fecha de expiración de la cookie: Text 'Mon, 07-Oct-24 13:41:24 GMT' could not be parsed at index 7
2024-10-07 at 15:11:24 CEST WARN  com.laboratorio.clientapilibrary.utils.CookieManager - Error al analizar la fecha de expiración de la cookie: Text 'Mon, 07-Oct-24 17:11:24 GMT' could not be parsed at index 7
2024-10-07 at 15:11:26 CEST WARN  com.laboratorio.clientapilibrary.utils.CookieManager - Error al analizar la fecha de expiración de la cookie: Text 'Mon, 07-Oct-24 13:41:25 GMT' could not be parsed at index 7
2024-10-07 at 15:11:26 CEST WARN  com.laboratorio.clientapilibrary.utils.CookieManager - Error al analizar la fecha de expiración de la cookie: Text 'Mon, 07-Oct-24 17:11:25 GMT' could not be parsed at index 7
2024-10-07 at 15:11:28 CEST WARN  com.laboratorio.clientapilibrary.utils.CookieManager - Error al analizar la fecha de expiración de la cookie: Text 'Mon, 07-Oct-24 13:41:28 GMT' could not be parsed at index 7
2024-10-07 at 15:11:28 CEST WARN  com.laboratorio.clientapilibrary.utils.CookieManager - Error al analizar la fecha de expiración de la cookie: Text 'Mon, 07-Oct-24 17:11:28 GMT' could not be parsed at index 7
2024-10-07 at 15:11:31 CEST WARN  com.laboratorio.clientapilibrary.utils.CookieManager - Error al analizar la fecha de expiración de la cookie: Text 'Mon, 07-Oct-24 13:41:31 GMT' could not be parsed at index 7
2024-10-07 at 15:11:31 CEST WARN  com.laboratorio.clientapilibrary.utils.CookieManager - Error al analizar la fecha de expiración de la cookie: Text 'Mon, 07-Oct-24 17:11:31 GMT' could not be parsed at index 7
2024-10-07 at 15:11:32 CEST WARN  com.laboratorio.clientapilibrary.utils.CookieManager - Error al analizar la fecha de expiración de la cookie: Text 'Mon, 07-Oct-24 13:41:31 GMT' could not be parsed at index 7
2024-10-07 at 15:11:32 CEST WARN  com.laboratorio.clientapilibrary.utils.CookieManager - Error al analizar la fecha de expiración de la cookie: Text 'Mon, 07-Oct-24 17:11:31 GMT' could not be parsed at index 7
2024-10-07 at 15:11:32 CEST ERROR com.laboratorio.clientapilibrary.ApiClient - Error ejecutando la solicitud: https://truthsocial.com/api/v1/statuses/1125AXR11TRE9WQW63
2024-10-07 at 15:11:32 CEST ERROR com.laboratorio.clientapilibrary.ApiClient - Error: https://truthsocial.com/api/v1/statuses/1125AXR11TRE9WQW63
2024-10-07 at 15:11:32 CEST ERROR com.laboratorio.clientapilibrary.ApiClient - Causa: https://truthsocial.com/api/v1/statuses/1125AXR11TRE9WQW63
2024-10-07 at 15:11:32 CEST ERROR com.laboratorio.clientapilibrary.exceptions.ApiClientException - Error com.laboratorio.clientapilibrary.ApiClient: https://truthsocial.com/api/v1/statuses/1125AXR11TRE9WQW63
2024-10-07 at 15:11:32 CEST ERROR com.laboratorio.clientapilibrary.ApiClient - Error ejecutando la solicitud: https://truthsocial.com/api/v1/statuses/QQQ109412553445428617/favourited_by?limit=80
2024-10-07 at 15:11:32 CEST ERROR com.laboratorio.clientapilibrary.ApiClient - Error: https://truthsocial.com/api/v1/statuses/QQQ109412553445428617/favourited_by?limit=80
2024-10-07 at 15:11:32 CEST ERROR com.laboratorio.clientapilibrary.ApiClient - Causa: https://truthsocial.com/api/v1/statuses/QQQ109412553445428617/favourited_by?limit=80
2024-10-07 at 15:11:32 CEST ERROR com.laboratorio.clientapilibrary.exceptions.ApiClientException - Error com.laboratorio.clientapilibrary.ApiClient: https://truthsocial.com/api/v1/statuses/QQQ109412553445428617/favourited_by?limit=80
2024-10-07 at 15:11:33 CEST WARN  com.laboratorio.clientapilibrary.utils.CookieManager - Error al analizar la fecha de expiración de la cookie: Text 'Mon, 07-Oct-24 13:41:33 GMT' could not be parsed at index 7
2024-10-07 at 15:11:33 CEST WARN  com.laboratorio.clientapilibrary.utils.CookieManager - Error al analizar la fecha de expiración de la cookie: Text 'Mon, 07-Oct-24 17:11:33 GMT' could not be parsed at index 7
2024-10-07 at 15:11:33 CEST ERROR com.laboratorio.clientapilibrary.ApiClient - Error ejecutando la solicitud: https://truthsocial.com/api/v1/statuses?status=&visibility=public&language=es
2024-10-07 at 15:11:33 CEST ERROR com.laboratorio.clientapilibrary.ApiClient - Error: Server returned HTTP response code: 422 for URL: https://truthsocial.com/api/v1/statuses?status=&visibility=public&language=es
2024-10-07 at 15:11:33 CEST ERROR com.laboratorio.clientapilibrary.ApiClient - Causa: Server returned HTTP response code: 422 for URL: https://truthsocial.com/api/v1/statuses?status=&visibility=public&language=es
2024-10-07 at 15:11:33 CEST ERROR com.laboratorio.clientapilibrary.exceptions.ApiClientException - Error com.laboratorio.clientapilibrary.ApiClient: Server returned HTTP response code: 422 for URL: https://truthsocial.com/api/v1/statuses?status=&visibility=public&language=es
2024-10-07 at 15:11:33 CEST ERROR com.laboratorio.truthsocialapiinterface.exception.TruthsocialApiException - Error com.laboratorio.truthsocialapiinterface.impl.TruthsocialStatusApiImpl: Server returned HTTP response code: 422 for URL: https://truthsocial.com/api/v1/statuses?status=&visibility=public&language=es
2024-10-07 at 15:11:34 CEST WARN  com.laboratorio.clientapilibrary.utils.CookieManager - Error al analizar la fecha de expiración de la cookie: Text 'Mon, 07-Oct-24 13:41:33 GMT' could not be parsed at index 7
2024-10-07 at 15:11:34 CEST WARN  com.laboratorio.clientapilibrary.utils.CookieManager - Error al analizar la fecha de expiración de la cookie: Text 'Mon, 07-Oct-24 17:11:33 GMT' could not be parsed at index 7
2024-10-07 at 15:11:34 CEST WARN  com.laboratorio.clientapilibrary.utils.CookieManager - Error al analizar la fecha de expiración de la cookie: Text 'Mon, 07-Oct-24 13:41:34 GMT' could not be parsed at index 7
2024-10-07 at 15:11:34 CEST WARN  com.laboratorio.clientapilibrary.utils.CookieManager - Error al analizar la fecha de expiración de la cookie: Text 'Mon, 07-Oct-24 17:11:34 GMT' could not be parsed at index 7
2024-10-07 at 15:11:34 CEST ERROR com.laboratorio.clientapilibrary.ApiClient - Error ejecutando la solicitud: https://truthsocial.com/api/v1/statuses/QQQ109412553445428617/reblogged_by?limit=40
2024-10-07 at 15:11:34 CEST ERROR com.laboratorio.clientapilibrary.ApiClient - Error: https://truthsocial.com/api/v1/statuses/QQQ109412553445428617/reblogged_by?limit=40
2024-10-07 at 15:11:34 CEST ERROR com.laboratorio.clientapilibrary.ApiClient - Causa: https://truthsocial.com/api/v1/statuses/QQQ109412553445428617/reblogged_by?limit=40
2024-10-07 at 15:11:34 CEST ERROR com.laboratorio.clientapilibrary.exceptions.ApiClientException - Error com.laboratorio.clientapilibrary.ApiClient: https://truthsocial.com/api/v1/statuses/QQQ109412553445428617/reblogged_by?limit=40
2024-10-07 at 15:11:34 CEST ERROR com.laboratorio.clientapilibrary.ApiClient - Error ejecutando la solicitud: https://truthsocial.com/api/v1/statuses/QQ112836040801154212/reblog
2024-10-07 at 15:11:34 CEST ERROR com.laboratorio.clientapilibrary.ApiClient - Error: https://truthsocial.com/api/v1/statuses/QQ112836040801154212/reblog
2024-10-07 at 15:11:34 CEST ERROR com.laboratorio.clientapilibrary.ApiClient - Causa: https://truthsocial.com/api/v1/statuses/QQ112836040801154212/reblog
2024-10-07 at 15:11:34 CEST ERROR com.laboratorio.clientapilibrary.exceptions.ApiClientException - Error com.laboratorio.clientapilibrary.ApiClient: https://truthsocial.com/api/v1/statuses/QQ112836040801154212/reblog
2024-10-07 at 15:11:35 CEST WARN  com.laboratorio.clientapilibrary.utils.CookieManager - Error al analizar la fecha de expiración de la cookie: Text 'Mon, 07-Oct-24 13:41:34 GMT' could not be parsed at index 7
2024-10-07 at 15:11:35 CEST WARN  com.laboratorio.clientapilibrary.utils.CookieManager - Error al analizar la fecha de expiración de la cookie: Text 'Mon, 07-Oct-24 17:11:34 GMT' could not be parsed at index 7
2024-10-07 at 15:11:35 CEST WARN  com.laboratorio.clientapilibrary.utils.CookieManager - Error al analizar la fecha de expiración de la cookie: Text 'Mon, 07-Oct-24 13:41:35 GMT' could not be parsed at index 7
2024-10-07 at 15:11:35 CEST WARN  com.laboratorio.clientapilibrary.utils.CookieManager - Error al analizar la fecha de expiración de la cookie: Text 'Mon, 07-Oct-24 17:11:35 GMT' could not be parsed at index 7
2024-10-07 at 15:11:36 CEST WARN  com.laboratorio.clientapilibrary.utils.CookieManager - Error al analizar la fecha de expiración de la cookie: Text 'Mon, 07-Oct-24 13:41:35 GMT' could not be parsed at index 7
2024-10-07 at 15:11:36 CEST WARN  com.laboratorio.clientapilibrary.utils.CookieManager - Error al analizar la fecha de expiración de la cookie: Text 'Mon, 07-Oct-24 17:11:35 GMT' could not be parsed at index 7
2024-10-07 at 15:11:36 CEST ERROR com.laboratorio.clientapilibrary.ApiClient - Error ejecutando la solicitud: https://truthsocial.com/api/v1/statuses/QQ112836040801154212/unreblog
2024-10-07 at 15:11:36 CEST ERROR com.laboratorio.clientapilibrary.ApiClient - Error: https://truthsocial.com/api/v1/statuses/QQ112836040801154212/unreblog
2024-10-07 at 15:11:36 CEST ERROR com.laboratorio.clientapilibrary.ApiClient - Causa: https://truthsocial.com/api/v1/statuses/QQ112836040801154212/unreblog
2024-10-07 at 15:11:36 CEST ERROR com.laboratorio.clientapilibrary.exceptions.ApiClientException - Error com.laboratorio.clientapilibrary.ApiClient: https://truthsocial.com/api/v1/statuses/QQ112836040801154212/unreblog
2024-10-07 at 15:11:36 CEST ERROR com.laboratorio.clientapilibrary.ApiClient - Error ejecutando la solicitud: https://truthsocial.com/api/v1/statuses/QQ112836040801154212/favourite
2024-10-07 at 15:11:36 CEST ERROR com.laboratorio.clientapilibrary.ApiClient - Error: https://truthsocial.com/api/v1/statuses/QQ112836040801154212/favourite
2024-10-07 at 15:11:36 CEST ERROR com.laboratorio.clientapilibrary.ApiClient - Causa: https://truthsocial.com/api/v1/statuses/QQ112836040801154212/favourite
2024-10-07 at 15:11:36 CEST ERROR com.laboratorio.clientapilibrary.exceptions.ApiClientException - Error com.laboratorio.clientapilibrary.ApiClient: https://truthsocial.com/api/v1/statuses/QQ112836040801154212/favourite
2024-10-07 at 15:11:37 CEST ERROR com.laboratorio.clientapilibrary.ApiClient - Error ejecutando la solicitud: https://truthsocial.com/api/v1/statuses/QQ112836040801154212/unfavourite
2024-10-07 at 15:11:37 CEST ERROR com.laboratorio.clientapilibrary.ApiClient - Error: https://truthsocial.com/api/v1/statuses/QQ112836040801154212/unfavourite
2024-10-07 at 15:11:37 CEST ERROR com.laboratorio.clientapilibrary.ApiClient - Causa: https://truthsocial.com/api/v1/statuses/QQ112836040801154212/unfavourite
2024-10-07 at 15:11:37 CEST ERROR com.laboratorio.clientapilibrary.exceptions.ApiClientException - Error com.laboratorio.clientapilibrary.ApiClient: https://truthsocial.com/api/v1/statuses/QQ112836040801154212/unfavourite
2024-10-07 at 15:11:37 CEST ERROR com.laboratorio.clientapilibrary.ApiClient - Error ejecutando la solicitud: https://truthsocial.com/api/v1/statuses/1125AXR11TRE9WQW63
2024-10-07 at 15:11:37 CEST ERROR com.laboratorio.clientapilibrary.ApiClient - Error: https://truthsocial.com/api/v1/statuses/1125AXR11TRE9WQW63
2024-10-07 at 15:11:37 CEST ERROR com.laboratorio.clientapilibrary.ApiClient - Causa: https://truthsocial.com/api/v1/statuses/1125AXR11TRE9WQW63
2024-10-07 at 15:11:37 CEST ERROR com.laboratorio.clientapilibrary.exceptions.ApiClientException - Error com.laboratorio.clientapilibrary.ApiClient: https://truthsocial.com/api/v1/statuses/1125AXR11TRE9WQW63
